<?xml version="1.0" encoding="UTF-8"?>
<testng-results ignored="0" total="1" passed="1" failed="0" skipped="0">
  <reporter-output>
  </reporter-output>
  <suite started-at="2021-02-25T18:30:54Z" name="Suite" finished-at="2021-02-25T18:31:19Z" duration-ms="24571">
    <groups>
    </groups>
    <test started-at="2021-02-25T18:30:54Z" name="Test" finished-at="2021-02-25T18:31:19Z" duration-ms="24571">
      <class name="sampleproject.OpenBrowser">
        <test-method signature="browser()[pri:0, instance:sampleproject.OpenBrowser@19e7a160]" started-at="2021-02-25T18:30:54Z" name="browser" finished-at="2021-02-25T18:31:19Z" duration-ms="24537" status="PASS">
          <reporter-output>
          </reporter-output>
        </test-method> <!-- browser -->
      </class> <!-- sampleproject.OpenBrowser -->
    </test> <!-- Test -->
  </suite> <!-- Suite -->
</testng-results>
